#
# A fatal error has been detected by the Java Runtime Environment:
#
#  EXCEPTION_ACCESS_VIOLATION (0xc0000005) at pc=0x0000000058954759, pid=7720, tid=13640
#
# JRE version: Java(TM) SE Runtime Environment (7.0_79-b15) (build 1.7.0_79-b15)
# Java VM: Java HotSpot(TM) 64-Bit Server VM (24.79-b02 mixed mode windows-amd64 compressed oops)
# Problematic frame:
# V  [jvm.dll+0x54759]
#
# Failed to write core dump. Minidumps are not enabled by default on client versions of Windows
#
# If you would like to submit a bug report, please visit:
#   http://bugreport.java.com/bugreport/crash.jsp
#

---------------  T H R E A D  ---------------

Current thread (0x000000000c1e5800):  JavaThread "JDWP Transport Listener: dt_shmem" daemon [_thread_in_vm, id=13640, stack(0x000000000d3d0000,0x000000000d4d0000)]

siginfo: ExceptionCode=0xc0000005, reading address 0x000000000000000c

Registers:
RAX=0x000000000000000c, RBX=0x000000000c1e5800, RCX=0x0000000000000003, RDX=0x0000000000000000
RSP=0x000000000d4cf2c0, RBP=0x000000000000000c, RSI=0x0000000000000000, RDI=0x0000000000000010
R8 =0x00000007e60b9640, R9 =0x0000000000000000, R10=0x0000000000000000, R11=0x0000000000000001
R12=0x0000000000000000, R13=0x000000000215e7e8, R14=0x0000000000000000, R15=0x0000000000000000
RIP=0x0000000058954759, EFLAGS=0x0000000000010246

Top of Stack: (sp=0x000000000d4cf2c0)
0x000000000d4cf2c0:   000000000c1e5800 0000000000000000
0x000000000d4cf2d0:   0000000000000000 000000000c1e5800
0x000000000d4cf2e0:   0000000000000000 0000000058a1d9c7
0x000000000d4cf2f0:   00000007e60b9640 000000000d4cf410
0x000000000d4cf300:   000000000b2388a0 000000000d4cf3e0
0x000000000d4cf310:   000000000c1e5800 0000000000000000
0x000000000d4cf320:   000000000b2388a0 000000000d4cf410
0x000000000d4cf330:   0000000000000000 000000000215e7e8
0x000000000d4cf340:   0000000000000000 000000005b2e7d15
0x000000000d4cf350:   000000000d4cf3e0 000000000d4cf410
0x000000000d4cf360:   000000000b2388a0 000000000c1e59e8
0x000000000d4cf370:   000000000c381c0a 000000005b2ef090
0x000000000d4cf380:   0000000002010a01 000000000d4cf480
0x000000000d4cf390:   000000000215e401 0000000000000000
0x000000000d4cf3a0:   00002fd200000013 0000000002010a00
0x000000000d4cf3b0:   000000000222a330 0000000058ad13ad 

Instructions: (pc=0x0000000058954759)
0x0000000058954739:   d2 48 8b c5 eb 18 48 8b d0 48 8b c5 48 d3 e2 48
0x0000000058954749:   03 15 61 31 6a 00 eb 06 48 8b 12 48 8b c7 48 98
0x0000000058954759:   8b 14 10 85 d2 74 2a 45 84 db 4c 63 c6 48 0f 45
0x0000000058954769:   fd 8d 47 0b 48 63 c8 48 83 e1 f8 48 c1 e9 03 8d 


Register to memory mapping:

RAX=0x000000000000000c is an unknown value
RBX=0x000000000c1e5800 is a thread
RCX=0x0000000000000003 is an unknown value
RDX=0x0000000000000000 is an unknown value
RSP=0x000000000d4cf2c0 is pointing into the stack for thread: 0x000000000c1e5800
RBP=0x000000000000000c is an unknown value
RSI=0x0000000000000000 is an unknown value
RDI=0x0000000000000010 is an unknown value
R8 =0x00000007e60b9640 is an oop
java.lang.String 
 - klass: 'java/lang/String'
R9 =0x0000000000000000 is an unknown value
R10=0x0000000000000000 is an unknown value
R11=0x0000000000000001 is an unknown value
R12=0x0000000000000000 is an unknown value
R13=0x000000000215e7e8 is an unknown value
R14=0x0000000000000000 is an unknown value
R15=0x0000000000000000 is an unknown value


Stack: [0x000000000d3d0000,0x000000000d4d0000],  sp=0x000000000d4cf2c0,  free space=1020k
Native frames: (J=compiled Java code, j=interpreted, Vv=VM code, C=native code)
V  [jvm.dll+0x54759]


---------------  P R O C E S S  ---------------

Java Threads: ( => current thread )
  0x000000000e885800 JavaThread "Keep-Alive-Timer" daemon [_thread_blocked, id=9656, stack(0x000000000ef60000,0x000000000f060000)]
  0x000000000c204000 JavaThread "Service Thread" daemon [_thread_blocked, id=2664, stack(0x000000000e030000,0x000000000e130000)]
  0x000000000c202800 JavaThread "C2 CompilerThread1" daemon [_thread_blocked, id=5940, stack(0x000000000df00000,0x000000000e000000)]
  0x000000000c201000 JavaThread "C2 CompilerThread0" daemon [_thread_blocked, id=12820, stack(0x000000000dce0000,0x000000000dde0000)]
  0x000000000c1ec000 JavaThread "JDWP Command Reader" daemon [_thread_in_native, id=9164, stack(0x000000000db30000,0x000000000dc30000)]
  0x000000000c1eb000 JavaThread "JDWP Event Helper Thread" daemon [_thread_blocked, id=13216, stack(0x000000000d630000,0x000000000d730000)]
=>0x000000000c1e5800 JavaThread "JDWP Transport Listener: dt_shmem" daemon [_thread_in_vm, id=13640, stack(0x000000000d3d0000,0x000000000d4d0000)]
  0x000000000c1d8000 JavaThread "Attach Listener" daemon [_thread_blocked, id=11816, stack(0x000000000d930000,0x000000000da30000)]
  0x000000000c1d7000 JavaThread "Signal Dispatcher" daemon [_thread_blocked, id=11744, stack(0x000000000d730000,0x000000000d830000)]
  0x00000000021ca000 JavaThread "Finalizer" daemon [_thread_blocked, id=12600, stack(0x000000000d510000,0x000000000d610000)]
  0x00000000021c9000 JavaThread "Reference Handler" daemon [_thread_blocked, id=1312, stack(0x000000000d130000,0x000000000d230000)]
  0x000000000222f000 JavaThread "main" [_thread_blocked, id=11656, stack(0x0000000002460000,0x0000000002560000)]

Other Threads:
  0x000000000b21d000 VMThread [stack: 0x000000000d2a0000,0x000000000d3a0000] [id=12020]
  0x000000000c21f000 WatcherThread [stack: 0x000000000e160000,0x000000000e260000] [id=13356]

VM state:not at safepoint (normal execution)

VM Mutex/Monitor currently owned by a thread: None

Heap
 PSYoungGen      total 427520K, used 284090K [0x00000007d5500000, 0x00000007ef800000, 0x0000000800000000)
  eden space 425984K, 66% used [0x00000007d5500000,0x00000007e69c0a98,0x00000007ef500000)
  from space 1536K, 45% used [0x00000007ef680000,0x00000007ef72df10,0x00000007ef800000)
  to   space 1536K, 0% used [0x00000007ef500000,0x00000007ef500000,0x00000007ef680000)
 ParOldGen       total 86528K, used 805K [0x0000000780000000, 0x0000000785480000, 0x00000007d5500000)
  object space 86528K, 0% used [0x0000000780000000,0x00000007800c96b0,0x0000000785480000)
 PSPermGen       total 21504K, used 4331K [0x000000077ae00000, 0x000000077c300000, 0x0000000780000000)
  object space 21504K, 20% used [0x000000077ae00000,0x000000077b23aea8,0x000000077c300000)

Card table byte_map: [0x0000000005560000,0x0000000005990000] byte_map_base: 0x0000000001989000

Polling page: 0x0000000000240000

Code Cache  [0x0000000002560000, 0x00000000027d0000, 0x0000000005560000)
 total_blobs=254 nmethods=44 adapters=170 free_code_cache=48676Kb largest_free_block=49827584

Compilation events (10 events):
Event: 3.678 Thread 0x000000000c202800 nmethod 38 0x00000000025d4410 code [0x00000000025d4560, 0x00000000025d46f8]
Event: 3.679 Thread 0x000000000c201000 nmethod 40 0x00000000025cc850 code [0x00000000025cc980, 0x00000000025cca38]
Event: 3.682 Thread 0x000000000c202800   41             java.util.regex.Pattern$Slice::match (79 bytes)
Event: 3.691 Thread 0x000000000c202800 nmethod 41 0x00000000025d5550 code [0x00000000025d56a0, 0x00000000025d6018]
Event: 3.716 Thread 0x000000000c201000   42             java.util.regex.Matcher::getTextLength (10 bytes)
Event: 3.717 Thread 0x000000000c201000 nmethod 42 0x00000000025d4110 code [0x00000000025d4260, 0x00000000025d4318]
Event: 3.769 Thread 0x000000000c202800   43 %           java.lang.String::indexOf @ 69 (166 bytes)
Event: 3.774 Thread 0x000000000c202800 nmethod 43% 0x00000000025d9a10 code [0x00000000025d9b60, 0x00000000025da378]
Event: 6.737 Thread 0x000000000c201000   44             java.lang.String::indexOf (166 bytes)
Event: 6.756 Thread 0x000000000c201000 nmethod 44 0x00000000025da810 code [0x00000000025da960, 0x00000000025dae78]

GC Heap History (10 events):
Event: 3.480 GC heap before
{Heap before GC invocations=6 (full 0):
 PSYoungGen      total 71680K, used 67567K [0x00000007d5500000, 0x00000007dda00000, 0x0000000800000000)
  eden space 66560K, 100% used [0x00000007d5500000,0x00000007d9600000,0x00000007d9600000)
  from space 5120K, 19% used [0x00000007d9600000,0x00000007d96fbc20,0x00000007d9b00000)
  to   space 1536K, 0% used [0x00000007dd880000,0x00000007dd880000,0x00000007dda00000)
 ParOldGen       total 86528K, used 8K [0x0000000780000000, 0x0000000785480000, 0x00000007d5500000)
  object space 86528K, 0% used [0x0000000780000000,0x0000000780002000,0x0000000785480000)
 PSPermGen       total 21504K, used 4296K [0x000000077ae00000, 0x000000077c300000, 0x0000000780000000)
  object space 21504K, 19% used [0x000000077ae00000,0x000000077b232208,0x000000077c300000)
Event: 3.482 GC heap after
Heap after GC invocations=6 (full 0):
 PSYoungGen      total 134656K, used 920K [0x00000007d5500000, 0x00000007dda00000, 0x0000000800000000)
  eden space 133120K, 0% used [0x00000007d5500000,0x00000007d5500000,0x00000007dd700000)
  from space 1536K, 59% used [0x00000007dd880000,0x00000007dd9663d8,0x00000007dda00000)
  to   space 1536K, 0% used [0x00000007dd700000,0x00000007dd700000,0x00000007dd880000)
 ParOldGen       total 86528K, used 8K [0x0000000780000000, 0x0000000785480000, 0x00000007d5500000)
  object space 86528K, 0% used [0x0000000780000000,0x0000000780002000,0x0000000785480000)
 PSPermGen       total 21504K, used 4296K [0x000000077ae00000, 0x000000077c300000, 0x0000000780000000)
  object space 21504K, 19% used [0x000000077ae00000,0x000000077b232208,0x000000077c300000)
}
Event: 3.545 GC heap before
{Heap before GC invocations=7 (full 0):
 PSYoungGen      total 134656K, used 133977K [0x00000007d5500000, 0x00000007dda00000, 0x0000000800000000)
  eden space 133120K, 99% used [0x00000007d5500000,0x00000007dd6f0200,0x00000007dd700000)
  from space 1536K, 59% used [0x00000007dd880000,0x00000007dd9663d8,0x00000007dda00000)
  to   space 1536K, 0% used [0x00000007dd700000,0x00000007dd700000,0x00000007dd880000)
 ParOldGen       total 86528K, used 8K [0x0000000780000000, 0x0000000785480000, 0x00000007d5500000)
  object space 86528K, 0% used [0x0000000780000000,0x0000000780002000,0x0000000785480000)
 PSPermGen       total 21504K, used 4296K [0x000000077ae00000, 0x000000077c300000, 0x0000000780000000)
  object space 21504K, 19% used [0x000000077ae00000,0x000000077b232208,0x000000077c300000)
Event: 3.546 GC heap after
Heap after GC invocations=7 (full 0):
 PSYoungGen      total 134656K, used 191K [0x00000007d5500000, 0x00000007e5c00000, 0x0000000800000000)
  eden space 133120K, 0% used [0x00000007d5500000,0x00000007d5500000,0x00000007dd700000)
  from space 1536K, 12% used [0x00000007dd700000,0x00000007dd72ff00,0x00000007dd880000)
  to   space 1536K, 0% used [0x00000007e5a80000,0x00000007e5a80000,0x00000007e5c00000)
 ParOldGen       total 86528K, used 781K [0x0000000780000000, 0x0000000785480000, 0x00000007d5500000)
  object space 86528K, 0% used [0x0000000780000000,0x00000007800c36b0,0x0000000785480000)
 PSPermGen       total 21504K, used 4296K [0x000000077ae00000, 0x000000077c300000, 0x0000000780000000)
  object space 21504K, 19% used [0x000000077ae00000,0x000000077b232208,0x000000077c300000)
}
Event: 3.587 GC heap before
{Heap before GC invocations=8 (full 0):
 PSYoungGen      total 134656K, used 133128K [0x00000007d5500000, 0x00000007e5c00000, 0x0000000800000000)
  eden space 133120K, 99% used [0x00000007d5500000,0x00000007dd6d2320,0x00000007dd700000)
  from space 1536K, 12% used [0x00000007dd700000,0x00000007dd72ff00,0x00000007dd880000)
  to   space 1536K, 0% used [0x00000007e5a80000,0x00000007e5a80000,0x00000007e5c00000)
 ParOldGen       total 86528K, used 781K [0x0000000780000000, 0x0000000785480000, 0x00000007d5500000)
  object space 86528K, 0% used [0x0000000780000000,0x00000007800c36b0,0x0000000785480000)
 PSPermGen       total 21504K, used 4297K [0x000000077ae00000, 0x000000077c300000, 0x0000000780000000)
  object space 21504K, 19% used [0x000000077ae00000,0x000000077b2324f0,0x000000077c300000)
Event: 3.587 GC heap after
Heap after GC invocations=8 (full 0):
 PSYoungGen      total 267776K, used 416K [0x00000007d5500000, 0x00000007e5c00000, 0x0000000800000000)
  eden space 266240K, 0% used [0x00000007d5500000,0x00000007d5500000,0x00000007e5900000)
  from space 1536K, 27% used [0x00000007e5a80000,0x00000007e5ae8130,0x00000007e5c00000)
  to   space 1536K, 0% used [0x00000007e5900000,0x00000007e5900000,0x00000007e5a80000)
 ParOldGen       total 86528K, used 789K [0x0000000780000000, 0x0000000785480000, 0x00000007d5500000)
  object space 86528K, 0% used [0x0000000780000000,0x00000007800c56b0,0x0000000785480000)
 PSPermGen       total 21504K, used 4297K [0x000000077ae00000, 0x000000077c300000, 0x0000000780000000)
  object space 21504K, 19% used [0x000000077ae00000,0x000000077b2324f0,0x000000077c300000)
}
Event: 3.665 GC heap before
{Heap before GC invocations=9 (full 0):
 PSYoungGen      total 267776K, used 266656K [0x00000007d5500000, 0x00000007e5c00000, 0x0000000800000000)
  eden space 266240K, 100% used [0x00000007d5500000,0x00000007e5900000,0x00000007e5900000)
  from space 1536K, 27% used [0x00000007e5a80000,0x00000007e5ae8130,0x00000007e5c00000)
  to   space 1536K, 0% used [0x00000007e5900000,0x00000007e5900000,0x00000007e5a80000)
 ParOldGen       total 86528K, used 789K [0x0000000780000000, 0x0000000785480000, 0x00000007d5500000)
  object space 86528K, 0% used [0x0000000780000000,0x00000007800c56b0,0x0000000785480000)
 PSPermGen       total 21504K, used 4300K [0x000000077ae00000, 0x000000077c300000, 0x0000000780000000)
  object space 21504K, 20% used [0x000000077ae00000,0x000000077b233348,0x000000077c300000)
Event: 3.665 GC heap after
Heap after GC invocations=9 (full 0):
 PSYoungGen      total 267776K, used 651K [0x00000007d5500000, 0x00000007ef800000, 0x0000000800000000)
  eden space 266240K, 0% used [0x00000007d5500000,0x00000007d5500000,0x00000007e5900000)
  from space 1536K, 42% used [0x00000007e5900000,0x00000007e59a2f68,0x00000007e5a80000)
  to   space 1536K, 0% used [0x00000007ef680000,0x00000007ef680000,0x00000007ef800000)
 ParOldGen       total 86528K, used 805K [0x0000000780000000, 0x0000000785480000, 0x00000007d5500000)
  object space 86528K, 0% used [0x0000000780000000,0x00000007800c96b0,0x0000000785480000)
 PSPermGen       total 21504K, used 4300K [0x000000077ae00000, 0x000000077c300000, 0x0000000780000000)
  object space 21504K, 20% used [0x000000077ae00000,0x000000077b233348,0x000000077c300000)
}
Event: 3.717 GC heap before
{Heap before GC invocations=10 (full 0):
 PSYoungGen      total 267776K, used 266733K [0x00000007d5500000, 0x00000007ef800000, 0x0000000800000000)
  eden space 266240K, 99% used [0x00000007d5500000,0x00000007e58d85f0,0x00000007e5900000)
  from space 1536K, 42% used [0x00000007e5900000,0x00000007e59a2f68,0x00000007e5a80000)
  to   space 1536K, 0% used [0x00000007ef680000,0x00000007ef680000,0x00000007ef800000)
 ParOldGen       total 86528K, used 805K [0x0000000780000000, 0x0000000785480000, 0x00000007d5500000)
  object space 86528K, 0% used [0x0000000780000000,0x00000007800c96b0,0x0000000785480000)
 PSPermGen       total 21504K, used 4301K [0x000000077ae00000, 0x000000077c300000, 0x0000000780000000)
  object space 21504K, 20% used [0x000000077ae00000,0x000000077b233578,0x000000077c300000)
Event: 3.718 GC heap after
Heap after GC invocations=10 (full 0):
 PSYoungGen      total 427520K, used 695K [0x00000007d5500000, 0x00000007ef800000, 0x0000000800000000)
  eden space 425984K, 0% used [0x00000007d5500000,0x00000007d5500000,0x00000007ef500000)
  from space 1536K, 45% used [0x00000007ef680000,0x00000007ef72df10,0x00000007ef800000)
  to   space 1536K, 0% used [0x00000007ef500000,0x00000007ef500000,0x00000007ef680000)
 ParOldGen       total 86528K, used 805K [0x0000000780000000, 0x0000000785480000, 0x00000007d5500000)
  object space 86528K, 0% used [0x0000000780000000,0x00000007800c96b0,0x0000000785480000)
 PSPermGen       total 21504K, used 4301K [0x000000077ae00000, 0x000000077c300000, 0x0000000780000000)
  object space 21504K, 20% used [0x000000077ae00000,0x000000077b233578,0x000000077c300000)
}

Deoptimization events (0 events):
No events

Internal exceptions (6 events):
Event: 0.016 Thread 0x000000000222f000 Threw 0x00000007d550f6c8 at C:\re\jdk7u79\2331\hotspot\src\share\vm\prims\jni.cpp:3991
Event: 0.071 Thread 0x000000000222f000 Threw 0x00000007d559e520 at C:\re\jdk7u79\2331\hotspot\src\share\vm\prims\jvm.cpp:1304
Event: 2.979 Thread 0x000000000222f000 Threw 0x00000007d5755d80 at C:\re\jdk7u79\2331\hotspot\src\share\vm\prims\jvm.cpp:1304
Event: 2.979 Thread 0x000000000222f000 Threw 0x00000007d5755ea8 at C:\re\jdk7u79\2331\hotspot\src\share\vm\prims\jvm.cpp:1304
Event: 2.980 Thread 0x000000000222f000 Threw 0x00000007d5759b20 at C:\re\jdk7u79\2331\hotspot\src\share\vm\prims\jvm.cpp:1304
Event: 2.980 Thread 0x000000000222f000 Threw 0x00000007d5759c48 at C:\re\jdk7u79\2331\hotspot\src\share\vm\prims\jvm.cpp:1304

Events (10 events):
Event: 10.236 Executing VM operation: ChangeSingleStep
Event: 10.236 Executing VM operation: ChangeSingleStep done
Event: 10.352 Executing VM operation: GetOrSetLocal
Event: 10.352 Executing VM operation: GetOrSetLocal done
Event: 10.355 Executing VM operation: GetOrSetLocal
Event: 10.355 Executing VM operation: GetOrSetLocal done
Event: 10.355 Executing VM operation: GetOrSetLocal
Event: 10.355 Executing VM operation: GetOrSetLocal done
Event: 10.355 Executing VM operation: GetOrSetLocal
Event: 10.355 Executing VM operation: GetOrSetLocal done


Dynamic libraries:
0x000000013f240000 - 0x000000013f273000 	C:\Program Files\Java\jdk1.7.0_79\bin\java.exe
0x00000000772d0000 - 0x0000000077479000 	C:\Windows\SYSTEM32\ntdll.dll
0x00000000771b0000 - 0x00000000772cf000 	C:\Windows\system32\kernel32.dll
0x000007fefd0a0000 - 0x000007fefd10c000 	C:\Windows\system32\KERNELBASE.dll
0x000007fefdae0000 - 0x000007fefdbbb000 	C:\Windows\system32\ADVAPI32.dll
0x000007fefdda0000 - 0x000007fefde3f000 	C:\Windows\system32\msvcrt.dll
0x000007fefd9d0000 - 0x000007fefd9ef000 	C:\Windows\SYSTEM32\sechost.dll
0x000007fefdee0000 - 0x000007fefe00d000 	C:\Windows\system32\RPCRT4.dll
0x00000000770b0000 - 0x00000000771aa000 	C:\Windows\system32\USER32.dll
0x000007fefd9f0000 - 0x000007fefda57000 	C:\Windows\system32\GDI32.dll
0x000007feff5d0000 - 0x000007feff5de000 	C:\Windows\system32\LPK.dll
0x000007fefe1a0000 - 0x000007fefe269000 	C:\Windows\system32\USP10.dll
0x000007fefb680000 - 0x000007fefb874000 	C:\Windows\WinSxS\amd64_microsoft.windows.common-controls_6595b64144ccf1df_6.0.7601.18837_none_fa3b1e3d17594757\COMCTL32.dll
0x000007fefda60000 - 0x000007fefdad1000 	C:\Windows\system32\SHLWAPI.dll
0x000007feff3e0000 - 0x000007feff40e000 	C:\Windows\system32\IMM32.DLL
0x000007fefe270000 - 0x000007fefe379000 	C:\Windows\system32\MSCTF.dll
0x000000006ce00000 - 0x000000006ced2000 	C:\Program Files\Java\jdk1.7.0_79\jre\bin\msvcr100.dll
0x0000000058900000 - 0x00000000590d5000 	C:\Program Files\Java\jdk1.7.0_79\jre\bin\server\jvm.dll
0x000007fef8560000 - 0x000007fef8569000 	C:\Windows\system32\WSOCK32.dll
0x000007feff410000 - 0x000007feff45d000 	C:\Windows\system32\WS2_32.dll
0x000007feff540000 - 0x000007feff548000 	C:\Windows\system32\NSI.dll
0x000007fefae80000 - 0x000007fefaebb000 	C:\Windows\system32\WINMM.dll
0x0000000077490000 - 0x0000000077497000 	C:\Windows\system32\PSAPI.DLL
0x000000006c650000 - 0x000000006c65f000 	C:\Program Files\Java\jdk1.7.0_79\jre\bin\verify.dll
0x000000005f730000 - 0x000000005f758000 	C:\Program Files\Java\jdk1.7.0_79\jre\bin\java.dll
0x000000005b2e0000 - 0x000000005b315000 	C:\Program Files\Java\jdk1.7.0_79\jre\bin\jdwp.dll
0x000000005f990000 - 0x000000005f998000 	C:\Program Files\Java\jdk1.7.0_79\jre\bin\npt.dll
0x0000000066980000 - 0x0000000066995000 	C:\Program Files\Java\jdk1.7.0_79\jre\bin\zip.dll
0x0000000067850000 - 0x000000006785b000 	C:\Program Files\Java\jdk1.7.0_79\jre\bin\dt_shmem.dll
0x000000005fa30000 - 0x000000005fa4a000 	C:\Program Files\Java\jdk1.7.0_79\jre\bin\net.dll
0x000007fefc820000 - 0x000007fefc875000 	C:\Windows\system32\mswsock.dll
0x000007fefc810000 - 0x000007fefc817000 	C:\Windows\System32\wship6.dll
0x000007fefc220000 - 0x000007fefc227000 	C:\Windows\System32\wshtcpip.dll
0x000007fefc6a0000 - 0x000007fefc6fb000 	C:\Windows\system32\DNSAPI.dll
0x000000006c670000 - 0x000000006c696000 	C:\Program Files\Bonjour\mdnsNSP.dll
0x000007fefa690000 - 0x000007fefa6b7000 	C:\Windows\system32\Iphlpapi.DLL
0x000007fefa680000 - 0x000007fefa68b000 	C:\Windows\system32\WINNSI.DLL
0x000007fef5700000 - 0x000007fef5708000 	C:\Windows\system32\rasadhlp.dll
0x000007fefa460000 - 0x000007fefa4b3000 	C:\Windows\System32\fwpuclnt.dll
0x000007fef7250000 - 0x000007fef7375000 	C:\Windows\system32\dbghelp.dll

VM Arguments:
jvm_args: -Xdebug -Xrunjdwp:transport=dt_shmem,address=javadebug -Dfile.encoding=UTF-8 -Xmx2048m -Dwzpath=wz\ 
java_command: dropspider.Main
Launcher Type: SUN_STANDARD

Environment Variables:
PATH=C:\Program Files (x86)\Intel\iCLS Client\;C:\Program Files\Intel\iCLS Client\;D:\Python27\;C:\Windows\system32;C:\Windows;C:\Windows\System32\Wbem;C:\Windows\System32\WindowsPowerShell\v1.0\;C:\Program Files (x86)\NVIDIA Corporation\PhysX\Common;C:\Program Files\TortoiseSVN\bin;C:\Program Files\Intel\Intel(R) Management Engine Components\DAL;C:\Program Files (x86)\Intel\Intel(R) Management Engine Components\DAL;C:\Program Files\Intel\Intel(R) Management Engine Components\IPT;C:\Program Files (x86)\Intel\Intel(R) Management Engine Components\IPT;D:\Python27\Lib\site-packages\django\bin\django-admin.py;C:\Program Files (x86)\Windows Kits\8.1\Windows Performance Toolkit\;C:\Program Files\Microsoft SQL Server\110\Tools\Binn\;C:\Program Files (x86)\Microsoft SDKs\TypeScript\1.0\;C:\Program Files\Microsoft SQL Server\120\Tools\Binn\;C:\Program Files\EmEditor;C:\Program Files (x86)\Google\google_appengine\
USERNAME=Administrator
OS=Windows_NT
PROCESSOR_IDENTIFIER=Intel64 Family 6 Model 60 Stepping 3, GenuineIntel



---------------  S Y S T E M  ---------------

OS: Windows 7 , 64 bit Build 7601 Service Pack 1

CPU:total 8 (4 cores per cpu, 2 threads per core) family 6 model 60 stepping 3, cmov, cx8, fxsr, mmx, sse, sse2, sse3, ssse3, sse4.1, sse4.2, popcnt, avx, avx2, aes, erms, ht, tsc, tscinvbit

Memory: 4k page, physical 8314188k(2992336k free), swap 16626540k(7335048k free)

vm_info: Java HotSpot(TM) 64-Bit Server VM (24.79-b02) for windows-amd64 JRE (1.7.0_79-b15), built on Apr 10 2015 12:36:16 by "java_re" with unknown MS VC++:1600

time: Sat Jul 25 17:16:11 2015
elapsed time: 10 seconds

